<?xml version="1.0" encoding="UTF-8"?>
<coverage generated="1611839819199" clover="3.2.0">
  <project timestamp="1611839819199" name="All files">
    <metrics statements="6" coveredstatements="6" conditionals="0" coveredconditionals="0" methods="5" coveredmethods="5" elements="11" coveredelements="11" complexity="0" loc="6" ncloc="6" packages="1" files="2" classes="2"/>
    <file name="AddTodo.vue" path="C:\Users\A240857\Desktop\Projects\learningvuex\src\components\AddTodo.vue">
      <metrics statements="3" coveredstatements="3" conditionals="0" coveredconditionals="0" methods="3" coveredmethods="3"/>
      <line num="34" count="1" type="stmt"/>
      <line num="38" count="3" type="stmt"/>
      <line num="46" count="1" type="stmt"/>
    </file>
    <file name="Todos.vue" path="C:\Users\A240857\Desktop\Projects\learningvuex\src\components\Todos.vue">
      <metrics statements="3" coveredstatements="3" conditionals="0" coveredconditionals="0" methods="2" coveredmethods="2"/>
      <line num="40" count="1" type="stmt"/>
      <line num="47" count="1" type="stmt"/>
      <line num="52" count="3" type="stmt"/>
    </file>
  </project>
</coverage>
